<?xml version="1.0" encoding="UTF-8"?>
<testng-results ignored="0" total="4" passed="4" failed="0" skipped="0">
  <reporter-output>
    <line>
      <![CDATA[Admin login successfull !!]]>
    </line>
  </reporter-output>
  <suite started-at="2021-05-15T17:18:25 IST" name="Smoke_Test" finished-at="2021-05-15T17:18:44 IST" duration-ms="18943">
    <groups>
      <group name="Login">
        <method signature="MutualLoginTest.login_Admin()[pri:0, instance:com.seleniumtest.testNG.MutualLoginTest@64d2d351]" name="login_Admin" class="com.seleniumtest.testNG.MutualLoginTest"/>
      </group> <!-- Login -->
    </groups>
    <test started-at="2021-05-15T17:18:25 IST" name="AltoroMutual Login" finished-at="2021-05-15T17:18:33 IST" duration-ms="8271">
      <class name="com.seleniumtest.testNG.MutualLoginTest">
        <test-method is-config="true" signature="beforeTest()[pri:0, instance:com.seleniumtest.testNG.MutualLoginTest@64d2d351]" started-at="2021-05-15T17:18:25 IST" name="beforeTest" finished-at="2021-05-15T17:18:27 IST" duration-ms="2348" status="PASS">
          <reporter-output>
          </reporter-output>
        </test-method> <!-- beforeTest -->
        <test-method signature="login_Admin()[pri:0, instance:com.seleniumtest.testNG.MutualLoginTest@64d2d351]" started-at="2021-05-15T17:18:27 IST" name="login_Admin" description="Test case to verify &#039;Admin&#039; login functionality" finished-at="2021-05-15T17:18:32 IST" duration-ms="5047" status="PASS">
          <reporter-output>
            <line>
              <![CDATA[Admin login successfull !!]]>
            </line>
          </reporter-output>
        </test-method> <!-- login_Admin -->
        <test-method is-config="true" signature="afterTest()[pri:0, instance:com.seleniumtest.testNG.MutualLoginTest@64d2d351]" started-at="2021-05-15T17:18:32 IST" name="afterTest" finished-at="2021-05-15T17:18:33 IST" duration-ms="817" status="PASS">
          <reporter-output>
          </reporter-output>
        </test-method> <!-- afterTest -->
      </class> <!-- com.seleniumtest.testNG.MutualLoginTest -->
    </test> <!-- AltoroMutual Login -->
    <test started-at="2021-05-15T17:18:33 IST" name="Calculator" finished-at="2021-05-15T17:18:39 IST" duration-ms="6086">
      <class name="com.seleniumtest.testNG.CalculatorTest">
        <test-method is-config="true" signature="beforeTest()[pri:0, instance:com.seleniumtest.testNG.CalculatorTest@564718df]" started-at="2021-05-15T17:18:33 IST" name="beforeTest" finished-at="2021-05-15T17:18:35 IST" duration-ms="1449" status="PASS">
          <reporter-output>
          </reporter-output>
        </test-method> <!-- beforeTest -->
        <test-method signature="CalculatorOp()[pri:1, instance:com.seleniumtest.testNG.CalculatorTest@564718df]" started-at="2021-05-15T17:18:35 IST" name="CalculatorOp" description="Test to verify Calculator Operation" finished-at="2021-05-15T17:18:37 IST" duration-ms="2479" status="PASS">
          <reporter-output>
          </reporter-output>
        </test-method> <!-- CalculatorOp -->
        <test-method signature="calculatorOp()[pri:1, instance:com.seleniumtest.testNG.CalculatorTest@564718df]" started-at="2021-05-15T17:18:37 IST" name="calculatorOp" description="Test to verify Calculator Operation " finished-at="2021-05-15T17:18:38 IST" duration-ms="1431" status="PASS">
          <reporter-output>
          </reporter-output>
        </test-method> <!-- calculatorOp -->
        <test-method is-config="true" signature="afterTest()[pri:0, instance:com.seleniumtest.testNG.CalculatorTest@564718df]" started-at="2021-05-15T17:18:38 IST" name="afterTest" finished-at="2021-05-15T17:18:39 IST" duration-ms="723" status="PASS">
          <reporter-output>
          </reporter-output>
        </test-method> <!-- afterTest -->
      </class> <!-- com.seleniumtest.testNG.CalculatorTest -->
    </test> <!-- Calculator -->
    <test started-at="2021-05-15T17:18:25 IST" name="Test Login" finished-at="2021-05-15T17:18:44 IST" duration-ms="18943">
      <class name="com.seleniumtest.testNG.TestLogin">
        <test-method is-config="true" signature="beforeTest()[pri:0, instance:com.seleniumtest.testNG.TestLogin@516be40f]" started-at="2021-05-15T17:18:25 IST" name="beforeTest" finished-at="2021-05-15T17:18:27 IST" duration-ms="2348" status="PASS">
          <reporter-output>
          </reporter-output>
        </test-method> <!-- beforeTest -->
        <test-method signature="loginAltoroMutual()[pri:0, instance:com.seleniumtest.testNG.TestLogin@516be40f]" started-at="2021-05-15T17:18:27 IST" name="loginAltoroMutual" finished-at="2021-05-15T17:18:44 IST" duration-ms="16543" status="PASS">
          <reporter-output>
          </reporter-output>
        </test-method> <!-- loginAltoroMutual -->
        <test-method is-config="true" signature="afterTest()[pri:0, instance:com.seleniumtest.testNG.TestLogin@516be40f]" started-at="2021-05-15T17:18:44 IST" name="afterTest" finished-at="2021-05-15T17:18:44 IST" duration-ms="0" status="PASS">
          <reporter-output>
          </reporter-output>
        </test-method> <!-- afterTest -->
      </class> <!-- com.seleniumtest.testNG.TestLogin -->
    </test> <!-- Test Login -->
  </suite> <!-- Smoke_Test -->
</testng-results>
