<?xml version="1.0" encoding="UTF-8"?>
<!-- Generated by org.testng.reporters.JUnitXMLReporter -->
<testsuite ignored="0" hostname="LAPTOP-UF8CEU9M" failures="0" tests="5" name="Test1" time="16.002" errors="0" timestamp="2021-04-30T00:30:53 IST">
  <testcase classname="com.seleniumtest.testNG.BasicWebObject" name="textBoxField" time="5.87"/>
  <testcase classname="com.seleniumtest.testNG.BasicWebObject" name="radioButton" time="0.061"/>
  <testcase classname="com.seleniumtest.testNG.BasicWebObject" name="checkBox" time="0.242"/>
  <testcase classname="com.seleniumtest.testNG.BasicWebObject" name="dropDownlist" time="2.144"/>
  <testcase classname="com.seleniumtest.testNG.BasicWebObject" name="listBox" time="4.324"/>
</testsuite> <!-- Test1 -->
