<?xml version="1.0" encoding="UTF-8"?>
<!-- Generated by org.testng.reporters.JUnitXMLReporter -->
<testsuite ignored="0" hostname="LAPTOP-UF8CEU9M" failures="0" tests="4" name="Calculator" time="12.988" errors="0" timestamp="2021-05-09T23:27:30 IST">
  <testcase classname="com.selenium.pageobject_test.CalculatorTestCase" name="Addition" time="3.18"/>
  <testcase classname="com.selenium.pageobject_test.CalculatorTestCase" name="Substraction" time="2.382"/>
  <testcase classname="com.selenium.pageobject_test.CalculatorTestCase" name="Multiply" time="2.366"/>
  <testcase classname="com.selenium.pageobject_test.CalculatorTestCase" name="Division" time="2.362"/>
</testsuite> <!-- Calculator -->
