<?xml version="1.0" encoding="UTF-8"?>
<!-- Generated by org.testng.reporters.JUnitXMLReporter -->
<testsuite ignored="0" hostname="LAPTOP-UF8CEU9M" failures="0" tests="2" name="Fixed Deposit" time="14.909" errors="0" timestamp="2021-05-09T23:27:17 IST">
  <testcase classname="com.selenium.pageobject_test.FixedDepositTestCase" name="fd_100000" time="8.865"/>
  <testcase classname="com.selenium.pageobject_test.FixedDepositTestCase" name="fd_200000" time="3.272"/>
</testsuite> <!-- Fixed Deposit -->
