<?xml version="1.0" encoding="UTF-8"?>
<testng-results ignored="0" total="1" passed="1" failed="0" skipped="0">
  <reporter-output>
  </reporter-output>
  <suite started-at="2021-05-12T23:38:59 IST" name="Default suite" finished-at="2021-05-12T23:39:09 IST" duration-ms="9937">
    <groups>
    </groups>
    <test started-at="2021-05-12T23:38:59 IST" name="Default test" finished-at="2021-05-12T23:39:09 IST" duration-ms="9937">
      <class name="com.selenium.pageobject_test.BlazeDemoTestCase">
        <test-method is-config="true" signature="beforeTest()[pri:0, instance:com.selenium.pageobject_test.BlazeDemoTestCase@48fa0f47]" started-at="2021-05-12T23:38:59 IST" name="beforeTest" finished-at="2021-05-12T23:39:01 IST" duration-ms="1881" status="PASS">
          <reporter-output>
          </reporter-output>
        </test-method> <!-- beforeTest -->
        <test-method signature="Blazedemo()[pri:0, instance:com.selenium.pageobject_test.BlazeDemoTestCase@48fa0f47]" started-at="2021-05-12T23:39:01 IST" name="Blazedemo" description="Test case to verify BlazeDemo" finished-at="2021-05-12T23:39:09 IST" duration-ms="7826" status="PASS">
          <reporter-output>
          </reporter-output>
        </test-method> <!-- Blazedemo -->
        <test-method is-config="true" signature="afterTest()[pri:0, instance:com.selenium.pageobject_test.BlazeDemoTestCase@48fa0f47]" started-at="2021-05-12T23:39:09 IST" name="afterTest" finished-at="2021-05-12T23:39:09 IST" duration-ms="2" status="PASS">
          <reporter-output>
          </reporter-output>
        </test-method> <!-- afterTest -->
      </class> <!-- com.selenium.pageobject_test.BlazeDemoTestCase -->
    </test> <!-- Default test -->
  </suite> <!-- Default suite -->
</testng-results>
